<?xml version="1.0" encoding="UTF-8"?>
<!-- Generated by org.testng.reporters.JUnitReportReporter -->
<testsuite hostname="DESKTOP-9404BSG" failures="0" tests="1" name="LoginTestcase.Bothwrongup" time="11.577" errors="0" timestamp="2024-06-17T16:02:19 IST" skipped="0">
  <testcase classname="LoginTestcase.Bothwrongup" name="cuandcp" time="11.577"/>
  <system-out/>
</testsuite> <!-- LoginTestcase.Bothwrongup -->
