<?xml version="1.0" encoding="UTF-8"?>
<!-- Generated by org.testng.reporters.JUnitReportReporter -->
<testsuite hostname="DESKTOP-9404BSG" failures="0" tests="1" name="LoginTestcase.Correctusernamenandpassword" time="9.875" errors="0" timestamp="2024-06-17T16:02:19 IST" skipped="0">
  <testcase classname="LoginTestcase.Correctusernamenandpassword" name="cuandcp" time="9.875"/>
  <system-out/>
</testsuite> <!-- LoginTestcase.Correctusernamenandpassword -->
