<?xml version="1.0" encoding="UTF-8"?>
<!-- Generated by org.testng.reporters.JUnitReportReporter -->
<testsuite hostname="DESKTOP-9404BSG" failures="0" tests="4" name="LoginTestcase.Logintoapplication" time="5.334" errors="0" timestamp="2024-06-17T16:43:34 IST" skipped="0">
  <testcase classname="LoginTestcase.Logintoapplication" name="cuandcp1" time="1.380"/>
  <system-out/>
  <testcase classname="LoginTestcase.Logintoapplication" name="cuandcp1" time="2.259"/>
  <system-out/>
  <testcase classname="LoginTestcase.Logintoapplication" name="cuandcp1" time="0.846"/>
  <system-out/>
  <testcase classname="LoginTestcase.Logintoapplication" name="cuandcp1" time="0.849"/>
  <system-out/>
</testsuite> <!-- LoginTestcase.Logintoapplication -->
