<?xml version="1.0" encoding="UTF-8"?>
<!-- Generated by org.testng.reporters.JUnitReportReporter -->
<testsuite hostname="DESKTOP-9404BSG" failures="0" tests="1" name="LoginTestcase.Correctpassword" time="8.487" errors="0" timestamp="2024-06-17T16:02:19 IST" skipped="0">
  <testcase classname="LoginTestcase.Correctpassword" name="cp" time="8.487"/>
  <system-out/>
</testsuite> <!-- LoginTestcase.Correctpassword -->
