<?xml version="1.0" encoding="UTF-8"?>
<!-- Generated by org.testng.reporters.JUnitReportReporter -->
<testsuite hostname="DESKTOP-9404BSG" failures="0" tests="4" name="LoginTestcase.Logintestcases" time="36.938" errors="0" timestamp="2024-06-17T16:09:08 IST" skipped="0">
  <testcase classname="LoginTestcase.Logintestcases" name="cuandcp1" time="8.864"/>
  <system-out/>
  <testcase classname="LoginTestcase.Logintestcases" name="cuandcp1" time="8.943"/>
  <system-out/>
  <testcase classname="LoginTestcase.Logintestcases" name="cuandcp1" time="11.675"/>
  <system-out/>
  <testcase classname="LoginTestcase.Logintestcases" name="cuandcp1" time="7.456"/>
  <system-out/>
</testsuite> <!-- LoginTestcase.Logintestcases -->
